<?xml version="1.0" encoding="UTF-8"?>
<testsuite name="com.program4.pro4.AppTest" tests="1" skipped="0" failures="0" errors="0" timestamp="2025-05-28T16:55:15" hostname="SANKETH_IRA" time="0.006">
  <properties/>
  <testcase name="testApp" classname="com.program4.pro4.AppTest" time="0.006"/>
  <system-out><![CDATA[]]></system-out>
  <system-err><![CDATA[]]></system-err>
</testsuite>
